16:09:12 **** Incremental Build of configuration Debug for project p1xx ****
make all 
Building file: ../Matrix.cpp
Invoking: GCC C++ Compiler
g++ -O0 -g3 -Wall -c -fmessage-length=0 -MMD -MP -MF"Matrix.d" -MT"Matrix.o" -o "Matrix.o" "../Matrix.cpp"
Finished building: ../Matrix.cpp
 
Building file: ../p1.cpp
Invoking: GCC C++ Compiler
g++ -O0 -g3 -Wall -c -fmessage-length=0 -MMD -MP -MF"p1.d" -MT"p1.o" -o "p1.o" "../p1.cpp"
Finished building: ../p1.cpp
 
Building target: p1xx
Invoking: MacOS X C++ Linker
g++  -o "p1xx"  ./Matrix.o ./p1.o   
Undefined symbols for architecture x86_64:
  "operator<<(std::__1::basic_ostream<char, std::__1::char_traits<char> >&, Matrix const&)", referenced from:
      _main in p1.o
  "operator>>(std::__1::basic_istream<char, std::__1::char_traits<char> >&, Matrix&)", referenced from:
      _main in p1.o
ld: symbol(s) not found for architecture x86_64
clang: error: linker command failed with exit code 1 (use -v to see invocation)
make: *** [p1xx] Error 1
16:09:18 **** Incremental Build of configuration Debug for project Calculator ****
make all 
make: Nothing to be done for `all'.
16:09:23 **** Incremental Build of configuration Debug for project Calculator ****
make all 
make: Nothing to be done for `all'.
16:09:25 **** Incremental Build of configuration Debug for project Calculator ****
make all 
make: Nothing to be done for `all'.
16:09:30 **** Incremental Build of configuration Debug for project Calculator ****
make all 
make: Nothing to be done for `all'.
16:09:33 **** Incremental Build of configuration Debug for project Calculator ****
make all 
make: Nothing to be done for `all'.
16:09:34 **** Incremental Build of configuration Debug for project Calculator ****
make all 
make: Nothing to be done for `all'.
16:09:35 **** Incremental Build of configuration Debug for project Calculator ****
make all 
make: Nothing to be done for `all'.
16:09:36 **** Incremental Build of configuration Debug for project Calculator ****
make all 
make: Nothing to be done for `all'.
16:09:37 **** Incremental Build of configuration Debug for project Calculator ****
make all 
make: Nothing to be done for `all'.
16:09:39 **** Incremental Build of configuration Debug for project Calculator ****
make all 
make: Nothing to be done for `all'.
16:09:40 **** Incremental Build of configuration Debug for project Calculator ****
make all 
make: Nothing to be done for `all'.
16:09:41 **** Incremental Build of configuration Debug for project Calculator ****
make all 
make: Nothing to be done for `all'.
16:09:41 **** Incremental Build of configuration Debug for project Calculator ****
make all 
make: Nothing to be done for `all'.
16:10:53 **** Incremental Build of configuration Debug for project Calculator ****
make all 
make: Nothing to be done for `all'.
16:11:02 **** Incremental Build of configuration Debug for project Calculator ****
make all 
make: Nothing to be done for `all'.
