16:09:12 **** Incremental Build of configuration Debug for project p1xx ****
make all 
Building file: ../Matrix.cpp
Invoking: GCC C++ Compiler
g++ -O0 -g3 -Wall -c -fmessage-length=0 -MMD -MP -MF"Matrix.d" -MT"Matrix.o" -o "Matrix.o" "../Matrix.cpp"
Finished building: ../Matrix.cpp
 
Building file: ../p1.cpp
Invoking: GCC C++ Compiler
g++ -O0 -g3 -Wall -c -fmessage-length=0 -MMD -MP -MF"p1.d" -MT"p1.o" -o "p1.o" "../p1.cpp"
Finished building: ../p1.cpp
 
Building target: p1xx
Invoking: MacOS X C++ Linker
g++  -o "p1xx"  ./Matrix.o ./p1.o   
Undefined symbols for architecture x86_64:
  "operator<<(std::__1::basic_ostream<char, std::__1::char_traits<char> >&, Matrix const&)", referenced from:
      _main in p1.o
  "operator>>(std::__1::basic_istream<char, std::__1::char_traits<char> >&, Matrix&)", referenced from:
      _main in p1.o
ld: symbol(s) not found for architecture x86_64
clang: error: linker command failed with exit code 1 (use -v to see invocation)
make: *** [p1xx] Error 1

16:09:13 Build Finished (took 957ms)

